2019/10/09 19:04:46 Retrieved site http://google.com in 271.050112ms
2019/10/09 19:04:47 Retrieved site http://nytimes.com in 475.879293ms
2019/10/09 19:04:47 Retrieved site http://forbes.com in 490.292424ms
2019/10/09 19:04:47 Retrieved site http://play.google.com in 495.126496ms
2019/10/09 19:04:47 Retrieved site http://apple.com in 500.157454ms
2019/10/09 19:04:47 Retrieved site http://target.com in 508.025298ms
2019/10/09 19:04:47 Retrieved site http://cnn.com in 522.319273ms
2019/10/09 19:04:47 Retrieved site http://quora.com in 534.739482ms
2019/10/09 19:04:47 Retrieved site http://espn.com in 570.186683ms
2019/10/09 19:04:47 Retrieved site http://twitter.com in 600.851295ms
2019/10/09 19:04:47 Retrieved site http://homedepot.com in 657.465788ms
2019/10/09 19:04:47 Retrieved site http://reddit.com in 749.390509ms
2019/10/09 19:04:47 Retrieved site http://indeed.com in 776.994401ms
2019/10/09 19:04:47 Retrieved site http://en.wikipedia.org in 780.251275ms
2019/10/09 19:04:47 Retrieved site http://linkedin.com in 790.79678ms
2019/10/09 19:04:47 Retrieved site http://ebay.com in 818.634474ms
2019/10/09 19:04:47 Retrieved site http://imdb.com in 893.051065ms
2019/10/09 19:04:47 Retrieved site http://walmart.com in 905.936567ms
2019/10/09 19:04:47 Retrieved site http://etsy.com in 931.219684ms
2019/10/09 19:04:47 Retrieved site http://youtube.com in 961.723023ms
2019/10/09 19:04:47 Retrieved site http://microsoft.com in 1.016002865s
2019/10/09 19:04:47 Retrieved site http://quizlet.com in 578.124315ms
2019/10/09 19:04:47 Retrieved site http://facebook.com in 1.278852068s
2019/10/09 19:04:47 Retrieved site http://webmd.com in 1.326975681s
2019/10/09 19:04:48 Retrieved site http://instagram.com in 1.403641652s
2019/10/09 19:04:48 Retrieved site http://netflix.com in 1.416308344s
2019/10/09 19:04:48 Retrieved site http://pinterest.com in 1.443917591s
2019/10/09 19:04:48 Retrieved site http://merriam-webster.com in 1.465617315s
2019/10/09 19:04:48 Retrieved site http://urbandictionary.com in 886.63105ms
2019/10/09 19:04:48 Retrieved site http://amazon.com in 1.563188195s
2019/10/09 19:04:48 Retrieved site http://rottentomatoes.com in 737.523189ms
2019/10/09 19:04:48 Retrieved site http://weather.com in 1.1133144s
2019/10/09 19:04:48 Retrieved site http://lowes.com in 743.009921ms
2019/10/09 19:04:48 Retrieved site http://mapquest.com in 1.447452857s
2019/10/09 19:04:48 Retrieved site http://msn.com in 828.323858ms
2019/10/09 19:04:48 Retrieved site http://dictionary.com in 727.93522ms
2019/10/09 19:04:48 Retrieved site http://usatoday.com in 946.987655ms
2019/10/09 19:04:48 Retrieved site http://businessinsider.com in 714.465284ms
2019/10/09 19:04:48 Retrieved site http://usnews.com in 556.635943ms
2019/10/09 19:04:48 Retrieved site http://finance.yahoo.com in 438.779929ms
2019/10/09 19:04:48 Retrieved site http://glassdoor.com in 1.032517869s
2019/10/09 19:04:48 Retrieved site http://allrecipes.com in 1.445943869s
2019/10/09 19:04:48 Retrieved site http://tripadvisor.com in 1.986160219s
2019/10/09 19:04:48 Retrieved site http://genius.com in 1.210331089s
2019/10/09 19:04:48 failed to retrieve http://craigslist.org: timed out after 2s
2019/10/09 19:04:48 Retrieved site http://zillow.com in 1.257154103s
2019/10/09 19:04:48 Retrieved site http://aol.com in 1.277668891s
2019/10/09 19:04:48 Retrieved site http://britannica.com in 660.832561ms
2019/10/09 19:04:48 Retrieved site http://foxnews.com in 1.585741651s
2019/10/09 19:04:48 Retrieved site http://go.com in 380.51193ms
2019/10/09 19:04:48 Retrieved site http://bestbuy.com in 1.567918995s
2019/10/09 19:04:48 Retrieved site http://yahoo.com in 1.71232326s
2019/10/09 19:04:48 Retrieved site http://mail.yahoo.com in 256.099184ms
2019/10/09 19:04:48 Retrieved site http://nih.gov in 1.784290781s
2019/10/09 19:04:48 Retrieved site http://healthline.com in 1.821099175s
2019/10/09 19:04:48 Retrieved site http://mayoclinic.org in 1.600111747s
2019/10/09 19:04:49 Retrieved site http://yellowpages.com in 869.179702ms
2019/10/09 19:04:49 Retrieved site http://gamepedia.com in 1.971832542s
2019/10/09 19:04:49 Retrieved site http://ign.com in 564.195881ms
2019/10/09 19:04:49 Retrieved site http://usps.com in 1.085420887s
2019/10/09 19:04:49 Retrieved site http://live.com in 813.39309ms
2019/10/09 19:04:49 Retrieved site http://retailmenot.com in 878.68093ms
2019/10/09 19:04:49 Retrieved site http://login.yahoo.com in 847.815834ms
2019/10/09 19:04:49 Retrieved site http://irs.gov in 1.101303547s
2019/10/09 19:04:49 Retrieved site http://chase.com in 984.761333ms
2019/10/09 19:04:49 Retrieved site http://medicalnewstoday.com in 1.346793151s
2019/10/09 19:04:49 Retrieved site http://cnet.com in 832.786537ms
2019/10/09 19:04:49 Retrieved site http://steamcommunity.com in 924.356448ms
2019/10/09 19:04:49 Retrieved site http://cbssports.com in 739.043697ms
2019/10/09 19:04:49 Retrieved site http://xfinity.com in 984.038122ms
2019/10/09 19:04:49 Retrieved site http://wikihow.com in 958.889753ms
2019/10/09 19:04:49 failed to retrieve http://macys.com: Get https://www.macys.com/: 302 response missing Location header
2019/10/09 19:04:49 Retrieved site http://twitch.tv in 754.990644ms
2019/10/09 19:04:49 Retrieved site http://expedia.com in 911.226691ms
2019/10/09 19:04:49 Retrieved site http://wiktionary.org in 1.091557509s
2019/10/09 19:04:49 Retrieved site http://wellsfargo.com in 1.023806832s
2019/10/09 19:04:49 Retrieved site http://steampowered.com in 1.305437019s
2019/10/09 19:04:49 Retrieved site http://bankofamerica.com in 1.222589082s
2019/10/09 19:04:49 Retrieved site http://office.com in 720.612609ms
2019/10/09 19:04:49 Retrieved site http://cnbc.com in 1.289999147s
2019/10/09 19:04:50 Retrieved site http://khanacademy.org in 1.118158166s
2019/10/09 19:04:50 Retrieved site http://mlb.com in 745.359047ms
2019/10/09 19:04:50 Retrieved site http://spotify.com in 970.132133ms
2019/10/09 19:04:50 failed to retrieve http://washingtonpost.com: timed out after 2s
2019/10/09 19:04:50 Retrieved site http://bbc.com in 716.820144ms
2019/10/09 19:04:50 Retrieved site http://att.com in 1.016356966s
2019/10/09 19:04:50 Retrieved site http://ufl.edu in 850.984022ms
2019/10/09 19:04:50 Retrieved site http://wayfair.com in 1.852581192s
2019/10/09 19:04:50 Retrieved site http://realtor.com in 1.088298352s
2019/10/09 19:04:50 Retrieved site http://nfl.com in 1.202048875s
2019/10/09 19:04:50 Retrieved site http://foodnetwork.com in 1.032741807s
2019/10/09 19:04:50 failed to retrieve http://accuweather.com: timed out after 2s
2019/10/09 19:04:50 Retrieved site http://ca.gov in 1.185209423s
2019/10/09 19:04:50 Retrieved site http://paypal.com in 1.408624689s
2019/10/09 19:04:50 Retrieved site http://npr.org in 987.585514ms
2019/10/09 19:04:50 Retrieved site http://goodreads.com in 1.254808047s
2019/10/09 19:04:50 Retrieved site http://theguardian.com in 1.499847207s
2019/10/09 19:04:50 Retrieved site http://wowhead.com in 1.154202684s
2019/10/09 19:04:50 Retrieved site http://groupon.com in 1.85877198s
2019/10/09 19:04:51 failed to retrieve http://apartments.com: timed out after 2s
It took 4.753549602s for the entire process to finish
