2019/10/09 17:16:13 Retrieved site http://quizlet.com in 235.854997ms
2019/10/09 17:16:13 Retrieved site http://mail.yahoo.com in 330.833751ms
2019/10/09 17:16:13 Retrieved site http://go.com in 333.201946ms
2019/10/09 17:16:13 Retrieved site http://ufl.edu in 643.07295ms
2019/10/09 17:16:13 Retrieved site http://ign.com in 699.058387ms
2019/10/09 17:16:13 Retrieved site http://google.com in 735.169039ms
2019/10/09 17:16:13 Retrieved site http://msn.com in 767.348813ms
2019/10/09 17:16:13 Retrieved site http://apple.com in 795.945344ms
2019/10/09 17:16:13 Retrieved site http://office.com in 834.027837ms
2019/10/09 17:16:13 Retrieved site http://bbc.com in 850.053115ms
2019/10/09 17:16:13 Retrieved site http://forbes.com in 859.414369ms
2019/10/09 17:16:13 Retrieved site http://lowes.com in 864.180788ms
2019/10/09 17:16:13 Retrieved site http://businessinsider.com in 892.077065ms
2019/10/09 17:16:13 Retrieved site http://play.google.com in 906.313991ms
2019/10/09 17:16:13 Retrieved site http://homedepot.com in 911.590883ms
2019/10/09 17:16:13 Retrieved site http://twitch.tv in 980.458824ms
2019/10/09 17:16:13 Retrieved site http://login.yahoo.com in 991.164217ms
2019/10/09 17:16:13 Retrieved site http://foodnetwork.com in 1.033524737s
2019/10/09 17:16:13 Retrieved site http://finance.yahoo.com in 1.04559275s
2019/10/09 17:16:13 Retrieved site http://reddit.com in 1.067970576s
2019/10/09 17:16:13 Retrieved site http://rottentomatoes.com in 1.07552287s
2019/10/09 17:16:13 Retrieved site http://live.com in 1.119732228s
2019/10/09 17:16:13 Retrieved site http://npr.org in 1.126962616s
2019/10/09 17:16:13 Retrieved site http://ebay.com in 1.133504505s
2019/10/09 17:16:14 Retrieved site http://mapquest.com in 1.185543357s
2019/10/09 17:16:14 Retrieved site http://twitter.com in 1.186773005s
2019/10/09 17:16:14 Retrieved site http://youtube.com in 1.201019123s
2019/10/09 17:16:14 Retrieved site http://imdb.com in 1.224401155s
2019/10/09 17:16:14 Retrieved site http://realtor.com in 1.259844749s
2019/10/09 17:16:14 Retrieved site http://cnet.com in 1.276408414s
2019/10/09 17:16:14 Retrieved site http://spotify.com in 1.303018852s
2019/10/09 17:16:14 Retrieved site http://weather.com in 1.378927717s
2019/10/09 17:16:14 Retrieved site http://bankofamerica.com in 1.443617245s
2019/10/09 17:16:14 Retrieved site http://britannica.com in 1.465484359s
2019/10/09 17:16:14 Retrieved site http://zillow.com in 1.484843895s
2019/10/09 17:16:14 Retrieved site http://mlb.com in 1.571434483s
2019/10/09 17:16:14 Retrieved site http://nytimes.com in 1.607454009s
2019/10/09 17:16:14 Retrieved site http://cbssports.com in 1.619899427s
2019/10/09 17:16:14 Retrieved site http://usatoday.com in 1.622744777s
2019/10/09 17:16:14 Retrieved site http://wowhead.com in 1.684846866s
2019/10/09 17:16:14 Retrieved site http://mayoclinic.org in 1.706319866s
2019/10/09 17:16:14 Retrieved site http://expedia.com in 1.724199408s
2019/10/09 17:16:14 Retrieved site http://ca.gov in 1.734092239s
2019/10/09 17:16:14 Retrieved site http://indeed.com in 1.767283021s
2019/10/09 17:16:14 Retrieved site http://glassdoor.com in 1.777811967s
2019/10/09 17:16:14 Retrieved site http://merriam-webster.com in 1.839341157s
2019/10/09 17:16:14 Retrieved site http://espn.com in 1.927610814s
2019/10/09 17:16:14 Retrieved site http://target.com in 1.934900307s
2019/10/09 17:16:14 Retrieved site http://goodreads.com in 1.952852981s
2019/10/09 17:16:14 Retrieved site http://en.wikipedia.org in 1.961102754s
2019/10/09 17:16:14 Retrieved site http://usnews.com in 1.971315295s
2019/10/09 17:16:14 Retrieved site http://steamcommunity.com in 1.982061029s
2019/10/09 17:16:14 Retrieved site http://etsy.com in 1.98497637s
2019/10/09 17:16:14 Retrieved site http://webmd.com in 1.989073633s
2019/10/09 17:16:14 Retrieved site http://walmart.com in 2.05960618s
2019/10/09 17:16:14 Retrieved site http://tripadvisor.com in 2.089559024s
2019/10/09 17:16:14 Retrieved site http://urbandictionary.com in 2.104877113s
2019/10/09 17:16:14 Retrieved site http://instagram.com in 2.121259841s
2019/10/09 17:16:15 Retrieved site http://yellowpages.com in 2.181488088s
2019/10/09 17:16:15 Retrieved site http://xfinity.com in 2.191395583s
2019/10/09 17:16:15 Retrieved site http://aol.com in 2.236313853s
2019/10/09 17:16:15 Retrieved site http://linkedin.com in 2.265869039s
2019/10/09 17:16:15 Retrieved site http://dictionary.com in 2.268581092s
2019/10/09 17:16:15 Retrieved site http://cnn.com in 2.277323998s
2019/10/09 17:16:15 Retrieved site http://bestbuy.com in 2.339560722s
2019/10/09 17:16:15 Retrieved site http://allrecipes.com in 2.365119328s
2019/10/09 17:16:15 Retrieved site http://pinterest.com in 2.388719772s
2019/10/09 17:16:15 Retrieved site http://foxnews.com in 2.401226614s
2019/10/09 17:16:15 Retrieved site http://genius.com in 2.411363848s
2019/10/09 17:16:15 Retrieved site http://att.com in 2.470207023s
2019/10/09 17:16:15 Retrieved site http://irs.gov in 2.484730596s
2019/10/09 17:16:15 Retrieved site http://facebook.com in 2.559922699s
2019/10/09 17:16:15 Retrieved site http://healthline.com in 2.56418498s
2019/10/09 17:16:15 Retrieved site http://microsoft.com in 2.595802612s
2019/10/09 17:16:15 Retrieved site http://wiktionary.org in 2.609294586s
2019/10/09 17:16:15 Retrieved site http://usps.com in 2.669679514s
2019/10/09 17:16:15 Retrieved site http://wikihow.com in 2.675147687s
2019/10/09 17:16:15 Retrieved site http://paypal.com in 2.688458792s
2019/10/09 17:16:15 Retrieved site http://khanacademy.org in 2.702209116s
2019/10/09 17:16:15 failed to retrieve http://macys.com: Get https://www.macys.com/: 302 response missing Location header
2019/10/09 17:16:15 Retrieved site http://chase.com in 2.741438012s
2019/10/09 17:16:15 Retrieved site http://yahoo.com in 2.794311466s
2019/10/09 17:16:15 Retrieved site http://quora.com in 2.847484273s
2019/10/09 17:16:15 Retrieved site http://steampowered.com in 2.912256273s
2019/10/09 17:16:15 Retrieved site http://nfl.com in 2.967667718s
2019/10/09 17:16:15 Retrieved site http://netflix.com in 2.971331058s
2019/10/09 17:16:15 Retrieved site http://nih.gov in 2.997764446s
2019/10/09 17:16:15 Retrieved site http://retailmenot.com in 2.997922289s
2019/10/09 17:16:15 Retrieved site http://wellsfargo.com in 3.015815571s
2019/10/09 17:16:15 Retrieved site http://amazon.com in 3.03832637s
2019/10/09 17:16:15 Retrieved site http://gamepedia.com in 3.10139869s
2019/10/09 17:16:15 Retrieved site http://theguardian.com in 3.120788497s
2019/10/09 17:16:16 Retrieved site http://cnbc.com in 3.291509288s
2019/10/09 17:16:16 Retrieved site http://wayfair.com in 3.314893545s
2019/10/09 17:16:16 Retrieved site http://groupon.com in 3.339554149s
2019/10/09 17:16:16 Retrieved site http://medicalnewstoday.com in 3.559398518s
2019/10/09 17:16:16 Retrieved site http://craigslist.org in 3.676474407s
2019/10/09 17:16:25 Retrieved site http://washingtonpost.com in 12.931573753s
2019/10/09 17:26:20 failed to retrieve http://accuweather.com: Get http://accuweather.com: read tcp 192.168.1.36:59369->104.106.16.217:80: read: connection reset by peer
2019/10/09 17:26:20 failed to retrieve http://apartments.com: Get http://apartments.com: read tcp 192.168.1.36:59337->72.246.85.138:80: read: connection reset by peer
It took 10m8.077548804s for the entire process to finish
